# JRE version: OpenJDK Runtime Environment AdoptOpenJDK (11.0.10+9) (build 11.0.10+9)
# Java VM: OpenJDK 64-Bit Server VM AdoptOpenJDK (11.0.10+9, mixed mode, tiered, compressed oops, g1 gc, windows-amd64)
Heap:
 garbage-first heap   total 258048K, used 118635K [0x0000000704200000, 0x0000000800000000)
  region size 1024K, 113 young (115712K), 8 survivors (8192K)
 Metaspace       used 47405K, capacity 48703K, committed 48972K, reserved 1091584K
  class space    used 5738K, capacity 6250K, committed 6272K, reserved 1048576K
GC Heap History (8 events):
Event: 0.725 GC heap before
{Heap before GC invocations=0 (full 0):
 garbage-first heap   total 258048K, used 23552K [0x0000000704200000, 0x0000000800000000)
  region size 1024K, 24 young (24576K), 0 survivors (0K)
 Metaspace       used 12635K, capacity 12874K, committed 13184K, reserved 1060864K
  class space    used 1249K, capacity 1337K, committed 1408K, reserved 1048576K
}
Event: 0.732 GC heap after
{Heap after GC invocations=1 (full 0):
 garbage-first heap   total 258048K, used 4659K [0x0000000704200000, 0x0000000800000000)
  region size 1024K, 3 young (3072K), 3 survivors (3072K)
 Metaspace       used 12635K, capacity 12874K, committed 13184K, reserved 1060864K
  class space    used 1249K, capacity 1337K, committed 1408K, reserved 1048576K
}
Event: 1.223 GC heap before
{Heap before GC invocations=1 (full 0):
 garbage-first heap   total 258048K, used 46643K [0x0000000704200000, 0x0000000800000000)
  region size 1024K, 45 young (46080K), 3 survivors (3072K)
 Metaspace       used 20816K, capacity 21187K, committed 21248K, reserved 1069056K
  class space    used 2383K, capacity 2538K, committed 2560K, reserved 1048576K
}
Event: 1.229 GC heap after
{Heap after GC invocations=2 (full 0):
 garbage-first heap   total 258048K, used 6881K [0x0000000704200000, 0x0000000800000000)
  region size 1024K, 6 young (6144K), 6 survivors (6144K)
 Metaspace       used 20816K, capacity 21187K, committed 21248K, reserved 1069056K
  class space    used 2383K, capacity 2538K, committed 2560K, reserved 1048576K
}
Event: 1.967 GC heap before
{Heap before GC invocations=3 (full 0):
 garbage-first heap   total 258048K, used 57057K [0x0000000704200000, 0x0000000800000000)
  region size 1024K, 55 young (56320K), 6 survivors (6144K)
 Metaspace       used 27747K, capacity 28472K, committed 28672K, reserved 1075200K
  class space    used 3247K, capacity 3521K, committed 3584K, reserved 1048576K
}
Event: 1.972 GC heap after
{Heap after GC invocations=4 (full 0):
 garbage-first heap   total 258048K, used 8980K [0x0000000704200000, 0x0000000800000000)
  region size 1024K, 5 young (5120K), 5 survivors (5120K)
 Metaspace       used 27747K, capacity 28472K, committed 28672K, reserved 1075200K
  class space    used 3247K, capacity 3521K, committed 3584K, reserved 1048576K
}
Event: 2.862 GC heap before
{Heap before GC invocations=4 (full 0):
 garbage-first heap   total 258048K, used 119572K [0x0000000704200000, 0x0000000800000000)
  region size 1024K, 114 young (116736K), 5 survivors (5120K)
 Metaspace       used 34816K, capacity 35751K, committed 35840K, reserved 1081344K
  class space    used 4212K, capacity 4581K, committed 4608K, reserved 1048576K
}
Event: 2.870 GC heap after
{Heap after GC invocations=5 (full 0):
 garbage-first heap   total 258048K, used 12139K [0x0000000704200000, 0x0000000800000000)
  region size 1024K, 8 young (8192K), 8 survivors (8192K)
 Metaspace       used 34816K, capacity 35751K, committed 35840K, reserved 1081344K
  class space    used 4212K, capacity 4581K, committed 4608K, reserved 1048576K
}

